TN:
SF:script/deploy_v1.s.sol
DA:11,0
FN:11,DeployV1Script.run
FNDA:0,DeployV1Script.run
DA:12,0
DA:13,0
DA:14,0
DA:15,0
DA:17,0
DA:19,0
DA:20,0
DA:24,0
DA:25,0
DA:27,0
FNF:1
FNH:0
LF:11
LH:0
BRF:0
BRH:0
end_of_record
TN:
SF:src/RoyaltyAutoClaim.sol
DA:115,506
FN:115,RoyaltyAutoClaim._getMainStorage
FNDA:506,RoyaltyAutoClaim._getMainStorage
DA:117,506
DA:121,97
FN:121,RoyaltyAutoClaim.constructor
FNDA:97,RoyaltyAutoClaim.constructor
DA:122,97
DA:127,99
FN:127,RoyaltyAutoClaim.initialize
FNDA:99,RoyaltyAutoClaim.initialize
DA:131,99
BRDA:131,0,0,1
BRDA:131,0,1,98
DA:132,98
BRDA:132,1,0,1
BRDA:132,1,1,97
DA:133,97
BRDA:133,2,0,1
BRDA:133,2,1,96
DA:135,96
DA:136,96
DA:137,96
DA:138,96
DA:139,96
DA:140,288
DA:146,4
FN:146,RoyaltyAutoClaim.onlyOwnerOrEntryPoint
FNDA:4,RoyaltyAutoClaim.onlyOwnerOrEntryPoint
DA:147,4
BRDA:147,3,0,1
BRDA:147,3,1,3
DA:151,5
FN:151,RoyaltyAutoClaim.onlyAdminOrEntryPoint
FNDA:5,RoyaltyAutoClaim.onlyAdminOrEntryPoint
DA:152,5
BRDA:152,4,0,1
BRDA:152,4,1,8
DA:156,39
FN:156,RoyaltyAutoClaim.onlyReviewerOrEntryPoint
FNDA:39,RoyaltyAutoClaim.onlyReviewerOrEntryPoint
DA:157,39
BRDA:157,5,0,1
BRDA:157,5,1,38
DA:161,34
FN:161,RoyaltyAutoClaim.onlyEntryPoint
FNDA:34,RoyaltyAutoClaim.onlyEntryPoint
DA:162,34
BRDA:162,6,0,1
DA:163,1
DA:171,20
FN:171,RoyaltyAutoClaim.payPrefund
FNDA:20,RoyaltyAutoClaim.payPrefund
DA:175,20
BRDA:175,7,0,20
DA:177,20
DA:184,4
FN:184,RoyaltyAutoClaim._authorizeUpgrade
FNDA:4,RoyaltyAutoClaim._authorizeUpgrade
DA:186,4
FN:186,RoyaltyAutoClaim.changeAdmin
FNDA:4,RoyaltyAutoClaim.changeAdmin
DA:187,3
BRDA:187,8,0,2
BRDA:187,8,1,1
DA:188,1
DA:189,1
DA:190,1
DA:193,4
FN:193,RoyaltyAutoClaim.changeRoyaltyToken
FNDA:4,RoyaltyAutoClaim.changeRoyaltyToken
DA:194,3
BRDA:194,9,0,2
BRDA:194,9,1,1
DA:195,1
DA:196,1
DA:197,1
DA:200,1
FN:200,RoyaltyAutoClaim.renounceOwnership
FNDA:1,RoyaltyAutoClaim.renounceOwnership
DA:201,1
DA:204,4
FN:204,RoyaltyAutoClaim.emergencyWithdraw
FNDA:4,RoyaltyAutoClaim.emergencyWithdraw
DA:205,3
BRDA:205,10,0,1
BRDA:205,10,1,1
DA:206,1
DA:207,1
BRDA:207,11,0,-
BRDA:207,11,1,1
DA:209,2
DA:211,2
DA:216,9
FN:216,RoyaltyAutoClaim.updateReviewers
FNDA:9,RoyaltyAutoClaim.updateReviewers
DA:217,8
BRDA:217,12,0,1
BRDA:217,12,1,7
DA:218,7
BRDA:218,13,0,2
BRDA:218,13,1,5
DA:220,5
DA:221,12
DA:222,12
DA:226,29
FN:226,RoyaltyAutoClaim.registerSubmission
FNDA:29,RoyaltyAutoClaim.registerSubmission
DA:227,27
BRDA:227,14,0,1
BRDA:227,14,1,26
DA:228,26
BRDA:228,15,0,2
BRDA:228,15,1,24
DA:229,24
BRDA:229,16,0,1
BRDA:229,16,1,23
DA:230,23
DA:231,23
DA:232,23
DA:233,23
DA:236,5
FN:236,RoyaltyAutoClaim.updateRoyaltyRecipient
FNDA:5,RoyaltyAutoClaim.updateRoyaltyRecipient
DA:237,2
BRDA:237,17,0,1
BRDA:237,17,1,1
DA:238,1
DA:239,1
DA:240,1
DA:243,6
FN:243,RoyaltyAutoClaim.revokeSubmission
FNDA:6,RoyaltyAutoClaim.revokeSubmission
DA:244,3
BRDA:244,18,0,1
BRDA:244,18,1,2
DA:245,2
DA:246,2
DA:251,39
FN:251,RoyaltyAutoClaim.reviewSubmission
FNDA:39,RoyaltyAutoClaim.reviewSubmission
DA:252,38
BRDA:252,19,0,3
BRDA:252,19,1,35
DA:253,35
BRDA:253,20,0,4
BRDA:253,20,1,31
DA:259,31
DA:260,31
BRDA:260,21,0,6
BRDA:260,21,1,25
DA:261,6
DA:263,25
DA:266,31
DA:267,2
BRDA:267,22,0,2
DA:268,2
DA:270,29
DA:271,29
DA:272,29
DA:273,29
DA:278,17
FN:278,RoyaltyAutoClaim.claimRoyalty
FNDA:17,RoyaltyAutoClaim.claimRoyalty
DA:279,17
BRDA:279,23,0,8
BRDA:279,23,1,9
DA:281,9
DA:282,9
DA:283,9
DA:285,9
DA:286,9
DA:296,34
FN:296,RoyaltyAutoClaim.validateUserOp
FNDA:34,RoyaltyAutoClaim.validateUserOp
DA:302,33
BRDA:302,24,0,1
DA:303,1
DA:306,32
DA:307,32
DA:308,32
DA:311,32
DA:312,26
DA:313,22
DA:314,12
BRDA:314,25,0,12
BRDA:310,25,1,7
DA:316,12
BRDA:316,26,0,6
DA:317,6
DA:319,6
DA:321,20
DA:322,16
DA:323,8
BRDA:323,27,0,8
BRDA:320,27,1,7
DA:325,8
BRDA:325,28,0,4
DA:326,4
DA:328,4
DA:329,12
BRDA:329,29,0,8
BRDA:329,29,1,1
DA:331,8
BRDA:331,30,0,1
DA:332,1
DA:336,7
DA:339,7
DA:340,4
BRDA:340,31,0,3
DA:342,3
DA:345,1
DA:349,9
FN:349,RoyaltyAutoClaim._getUserOpSigner
FNDA:9,RoyaltyAutoClaim._getUserOpSigner
DA:350,8
DA:352,8
DA:355,8
BRDA:355,32,0,1
DA:356,1
DA:359,7
DA:364,1
FN:364,RoyaltyAutoClaim.admin
FNDA:1,RoyaltyAutoClaim.admin
DA:365,58
DA:368,1
FN:368,RoyaltyAutoClaim.token
FNDA:1,RoyaltyAutoClaim.token
DA:369,20
DA:372,13
FN:372,RoyaltyAutoClaim.submissions
FNDA:13,RoyaltyAutoClaim.submissions
DA:373,179
DA:376,3
FN:376,RoyaltyAutoClaim.isReviewer
FNDA:3,RoyaltyAutoClaim.isReviewer
DA:377,50
DA:380,20
FN:380,RoyaltyAutoClaim.hasReviewed
FNDA:20,RoyaltyAutoClaim.hasReviewed
DA:381,20
DA:384,6
FN:384,RoyaltyAutoClaim.isSubmissionClaimable
FNDA:6,RoyaltyAutoClaim.isSubmissionClaimable
DA:385,34
BRDA:385,33,0,7
DA:386,7
DA:388,27
DA:391,2
FN:391,RoyaltyAutoClaim.getRoyalty
FNDA:2,RoyaltyAutoClaim.getRoyalty
DA:392,11
BRDA:392,34,0,1
DA:393,1
DA:395,10
DA:396,10
DA:399,1
FN:399,RoyaltyAutoClaim.entryPoint
FNDA:1,RoyaltyAutoClaim.entryPoint
DA:400,105
FNF:29
FNH:29
LF:143
LH:143
BRF:59
BRH:58
end_of_record
TN:
SF:src/RoyaltyAutoClaimProxy.sol
DA:7,2
FN:7,RoyaltyAutoClaimProxy.constructor
FNDA:2,RoyaltyAutoClaimProxy.constructor
DA:8,1
DA:9,1
BRDA:9,0,0,-
BRDA:9,0,1,1
FNF:1
FNH:1
LF:3
LH:3
BRF:2
BRH:1
end_of_record
TN:
SF:test/AATest.t.sol
DA:16,48
FN:16,AATest.setUp
FNDA:48,AATest.setUp
DA:17,48
DA:18,48
DA:19,48
DA:22,33
FN:22,AATest.createUserOp
FNDA:33,AATest.createUserOp
DA:23,33
DA:36,66
FN:36,AATest.pack
FNDA:66,AATest.pack
DA:37,66
DA:40,33
FN:40,AATest.handleUserOp
FNDA:33,AATest.handleUserOp
DA:41,33
DA:42,33
DA:43,33
DA:46,0
FN:46,AATest.logUserOp
FNDA:0,AATest.logUserOp
DA:47,0
DA:48,0
DA:49,0
DA:50,0
DA:51,0
DA:52,0
DA:53,0
DA:54,0
DA:55,0
DA:58,0
FN:58,AATest.toHexDigit
FNDA:0,AATest.toHexDigit
DA:59,0
BRDA:59,0,0,-
BRDA:59,0,1,-
DA:60,0
DA:61,0
BRDA:61,1,0,-
DA:62,0
DA:64,0
DA:67,0
FN:67,AATest.toHexString
FNDA:0,AATest.toHexString
DA:68,0
DA:69,0
DA:70,0
DA:71,0
DA:72,0
DA:74,0
DA:75,0
DA:76,0
DA:77,0
DA:78,0
DA:80,0
FNF:7
FNH:4
LF:40
LH:12
BRF:3
BRH:0
end_of_record
TN:
SF:test/MockV2.sol
DA:8,2
FN:8,MockV2.constructor
FNDA:2,MockV2.constructor
DA:9,2
DA:12,2
FN:12,MockV2.initialize
FNDA:2,MockV2.initialize
DA:13,2
DA:16,0
FN:16,MockV2._authorizeUpgrade
FNDA:0,MockV2._authorizeUpgrade
FNF:3
FNH:2
LF:5
LH:4
BRF:0
BRH:0
end_of_record
TN:
SF:test/RoyaltyAutoClaim.t.sol
DA:27,48
FN:27,MockERC20.constructor
FNDA:48,MockERC20.constructor
DA:28,48
DA:36,3
FN:36,RoyaltyAutoClaimHarness.exposed_getUserOpSigner
FNDA:3,RoyaltyAutoClaimHarness.exposed_getUserOpSigner
DA:37,3
DA:41,2
FN:41,RoyaltyAutoClaimHarness.setTransientSigner
FNDA:2,RoyaltyAutoClaimHarness.setTransientSigner
DA:43,2
FNF:3
FNH:3
LF:6
LH:6
BRF:0
BRH:0
end_of_record
TN:
SF:test/RoyaltyAutoClaimProxy.t.sol
DA:10,2
FN:10,MockImplementation.initialize
FNDA:2,MockImplementation.initialize
DA:11,2
DA:14,1
FN:14,MockImplementation.isInitialized
FNDA:1,MockImplementation.isInitialized
DA:15,1
FNF:2
FNH:2
LF:4
LH:4
BRF:0
BRH:0
end_of_record
