TN:
SF:script/deploy_v1.s.sol
DA:11,0
FN:11,DeployV1Script.run
FNDA:0,DeployV1Script.run
DA:12,0
DA:13,0
DA:14,0
DA:15,0
DA:17,0
DA:19,0
DA:20,0
DA:24,0
DA:25,0
DA:27,0
FNF:1
FNH:0
LF:11
LH:0
BRF:0
BRH:0
end_of_record
TN:
SF:src/RoyaltyAutoClaim.sol
DA:117,469
FN:117,RoyaltyAutoClaim._getMainStorage
FNDA:469,RoyaltyAutoClaim._getMainStorage
DA:119,469
DA:123,91
FN:123,RoyaltyAutoClaim.constructor
FNDA:91,RoyaltyAutoClaim.constructor
DA:124,91
DA:127,93
FN:127,RoyaltyAutoClaim.initialize
FNDA:93,RoyaltyAutoClaim.initialize
DA:131,93
BRDA:131,0,0,1
BRDA:131,0,1,92
DA:132,92
BRDA:132,1,0,1
BRDA:132,1,1,91
DA:133,91
BRDA:133,2,0,1
BRDA:133,2,1,90
DA:135,90
DA:136,90
DA:137,90
DA:138,90
DA:139,90
DA:140,270
DA:146,4
FN:146,RoyaltyAutoClaim.onlyOwnerOrEntryPoint
FNDA:4,RoyaltyAutoClaim.onlyOwnerOrEntryPoint
DA:147,4
BRDA:147,3,0,-
BRDA:147,3,1,3
DA:151,5
FN:151,RoyaltyAutoClaim.onlyAdminOrEntryPoint
FNDA:5,RoyaltyAutoClaim.onlyAdminOrEntryPoint
DA:152,5
BRDA:152,4,0,1
BRDA:152,4,1,8
DA:156,35
FN:156,RoyaltyAutoClaim.onlyReviewerOrEntryPoint
FNDA:35,RoyaltyAutoClaim.onlyReviewerOrEntryPoint
DA:157,35
BRDA:157,5,0,1
BRDA:157,5,1,34
DA:161,34
FN:161,RoyaltyAutoClaim.onlyEntryPoint
FNDA:34,RoyaltyAutoClaim.onlyEntryPoint
DA:162,34
BRDA:162,6,0,1
DA:163,1
DA:171,20
FN:171,RoyaltyAutoClaim.payPrefund
FNDA:20,RoyaltyAutoClaim.payPrefund
DA:175,20
BRDA:175,7,0,20
DA:177,20
DA:183,4
FN:183,RoyaltyAutoClaim.upgradeToAndCall
FNDA:4,RoyaltyAutoClaim.upgradeToAndCall
DA:189,3
DA:192,3
FN:192,RoyaltyAutoClaim._authorizeUpgrade
FNDA:3,RoyaltyAutoClaim._authorizeUpgrade
DA:194,1
FN:194,RoyaltyAutoClaim.transferOwnership
FNDA:1,RoyaltyAutoClaim.transferOwnership
DA:199,1
DA:202,4
FN:202,RoyaltyAutoClaim.changeAdmin
FNDA:4,RoyaltyAutoClaim.changeAdmin
DA:203,3
BRDA:203,8,0,2
BRDA:203,8,1,1
DA:204,1
DA:205,1
DA:206,1
DA:209,4
FN:209,RoyaltyAutoClaim.changeRoyaltyToken
FNDA:4,RoyaltyAutoClaim.changeRoyaltyToken
DA:210,3
BRDA:210,9,0,2
BRDA:210,9,1,1
DA:211,1
DA:212,1
DA:213,1
DA:216,1
FN:216,RoyaltyAutoClaim.renounceOwnership
FNDA:1,RoyaltyAutoClaim.renounceOwnership
DA:217,1
DA:220,4
FN:220,RoyaltyAutoClaim.emergencyWithdraw
FNDA:4,RoyaltyAutoClaim.emergencyWithdraw
DA:221,3
BRDA:221,10,0,1
BRDA:221,10,1,1
DA:222,1
DA:223,1
BRDA:223,11,0,-
BRDA:223,11,1,1
DA:225,2
DA:227,2
DA:232,9
FN:232,RoyaltyAutoClaim.updateReviewers
FNDA:9,RoyaltyAutoClaim.updateReviewers
DA:233,8
BRDA:233,12,0,1
BRDA:233,12,1,7
DA:234,7
BRDA:234,13,0,2
BRDA:234,13,1,5
DA:236,5
DA:237,12
DA:238,12
DA:242,28
FN:242,RoyaltyAutoClaim.registerSubmission
FNDA:28,RoyaltyAutoClaim.registerSubmission
DA:243,26
BRDA:243,14,0,1
BRDA:243,14,1,25
DA:244,25
BRDA:244,15,0,2
BRDA:244,15,1,23
DA:245,23
BRDA:245,16,0,1
BRDA:245,16,1,22
DA:246,22
DA:247,22
DA:248,22
DA:249,22
DA:252,5
FN:252,RoyaltyAutoClaim.updateRoyaltyRecipient
FNDA:5,RoyaltyAutoClaim.updateRoyaltyRecipient
DA:253,2
BRDA:253,17,0,1
BRDA:253,17,1,1
DA:254,1
DA:255,1
DA:256,1
DA:259,6
FN:259,RoyaltyAutoClaim.revokeSubmission
FNDA:6,RoyaltyAutoClaim.revokeSubmission
DA:260,3
BRDA:260,18,0,1
BRDA:260,18,1,2
DA:261,2
DA:262,2
DA:267,35
FN:267,RoyaltyAutoClaim.reviewSubmission
FNDA:35,RoyaltyAutoClaim.reviewSubmission
DA:268,34
BRDA:268,19,0,4
BRDA:268,19,1,30
DA:274,30
DA:275,30
BRDA:275,20,0,7
BRDA:275,20,1,23
DA:276,7
DA:278,23
DA:281,30
DA:282,2
BRDA:282,21,0,2
DA:283,2
DA:285,28
DA:286,28
DA:287,28
DA:288,28
DA:293,16
FN:293,RoyaltyAutoClaim.claimRoyalty
FNDA:16,RoyaltyAutoClaim.claimRoyalty
DA:294,16
BRDA:294,22,0,2
BRDA:294,22,1,8
DA:295,2
DA:296,14
BRDA:296,23,0,2
BRDA:296,23,1,8
DA:297,2
DA:298,12
BRDA:298,24,0,4
DA:299,4
DA:301,8
DA:302,8
DA:303,8
DA:305,8
DA:306,8
DA:316,34
FN:316,RoyaltyAutoClaim.validateUserOp
FNDA:34,RoyaltyAutoClaim.validateUserOp
DA:322,33
BRDA:322,25,0,1
DA:323,1
DA:326,32
DA:327,32
DA:328,32
DA:331,32
DA:332,26
DA:333,22
DA:334,12
BRDA:334,26,0,12
BRDA:330,26,1,7
DA:336,12
BRDA:336,27,0,6
DA:337,6
DA:339,6
DA:341,20
DA:342,16
DA:343,8
BRDA:343,28,0,8
BRDA:340,28,1,7
DA:345,8
BRDA:345,29,0,4
DA:346,4
DA:348,4
DA:349,12
BRDA:349,30,0,8
BRDA:349,30,1,1
DA:351,8
BRDA:351,31,0,1
DA:352,1
DA:356,7
DA:359,7
DA:360,4
BRDA:360,32,0,3
DA:362,3
DA:365,1
DA:369,10
FN:369,RoyaltyAutoClaim._getUserOpSigner
FNDA:10,RoyaltyAutoClaim._getUserOpSigner
DA:370,9
DA:372,9
DA:375,9
BRDA:375,33,0,1
DA:376,1
DA:379,8
DA:384,1
FN:384,RoyaltyAutoClaim.admin
FNDA:1,RoyaltyAutoClaim.admin
DA:385,57
DA:388,1
FN:388,RoyaltyAutoClaim.token
FNDA:1,RoyaltyAutoClaim.token
DA:389,18
DA:392,13
FN:392,RoyaltyAutoClaim.submissions
FNDA:13,RoyaltyAutoClaim.submissions
DA:393,158
DA:396,3
FN:396,RoyaltyAutoClaim.isReviewer
FNDA:3,RoyaltyAutoClaim.isReviewer
DA:397,46
DA:400,20
FN:400,RoyaltyAutoClaim.hasReviewed
FNDA:20,RoyaltyAutoClaim.hasReviewed
DA:401,20
DA:404,6
FN:404,RoyaltyAutoClaim.isSubmissionClaimable
FNDA:6,RoyaltyAutoClaim.isSubmissionClaimable
DA:405,28
BRDA:405,34,0,3
DA:406,3
DA:408,25
DA:411,2
FN:411,RoyaltyAutoClaim.getRoyalty
FNDA:2,RoyaltyAutoClaim.getRoyalty
DA:412,10
BRDA:412,35,0,1
DA:413,1
DA:415,9
DA:416,9
DA:419,1
FN:419,RoyaltyAutoClaim.entryPoint
FNDA:1,RoyaltyAutoClaim.entryPoint
DA:420,108
FNF:31
FNH:31
LF:151
LH:151
BRF:60
BRH:58
end_of_record
TN:
SF:src/RoyaltyAutoClaimProxy.sol
DA:7,2
FN:7,RoyaltyAutoClaimProxy.constructor
FNDA:2,RoyaltyAutoClaimProxy.constructor
DA:8,1
DA:9,1
BRDA:9,0,0,-
BRDA:9,0,1,1
FNF:1
FNH:1
LF:3
LH:3
BRF:2
BRH:1
end_of_record
TN:
SF:test/AATest.t.sol
DA:16,45
FN:16,AATest.setUp
FNDA:45,AATest.setUp
DA:17,45
DA:18,45
DA:19,45
DA:22,33
FN:22,AATest.createUserOp
FNDA:33,AATest.createUserOp
DA:23,33
DA:36,66
FN:36,AATest.pack
FNDA:66,AATest.pack
DA:37,66
DA:40,33
FN:40,AATest.handleUserOp
FNDA:33,AATest.handleUserOp
DA:41,33
DA:42,33
DA:43,33
DA:46,0
FN:46,AATest.logUserOp
FNDA:0,AATest.logUserOp
DA:47,0
DA:48,0
DA:49,0
DA:50,0
DA:51,0
DA:52,0
DA:53,0
DA:54,0
DA:55,0
DA:58,0
FN:58,AATest.toHexDigit
FNDA:0,AATest.toHexDigit
DA:59,0
BRDA:59,0,0,-
BRDA:59,0,1,-
DA:60,0
DA:61,0
BRDA:61,1,0,-
DA:62,0
DA:64,0
DA:67,0
FN:67,AATest.toHexString
FNDA:0,AATest.toHexString
DA:68,0
DA:69,0
DA:70,0
DA:71,0
DA:72,0
DA:74,0
DA:75,0
DA:76,0
DA:77,0
DA:78,0
DA:80,0
FNF:7
FNH:4
LF:40
LH:12
BRF:3
BRH:0
end_of_record
TN:
SF:test/MockV2.sol
DA:8,2
FN:8,MockV2.constructor
FNDA:2,MockV2.constructor
DA:9,2
DA:12,2
FN:12,MockV2.initialize
FNDA:2,MockV2.initialize
DA:13,2
DA:16,0
FN:16,MockV2._authorizeUpgrade
FNDA:0,MockV2._authorizeUpgrade
FNF:3
FNH:2
LF:5
LH:4
BRF:0
BRH:0
end_of_record
TN:
SF:test/RoyaltyAutoClaim.t.sol
DA:27,45
FN:27,MockERC20.constructor
FNDA:45,MockERC20.constructor
DA:28,45
DA:36,3
FN:36,RoyaltyAutoClaimHarness.exposed_getUserOpSigner
FNDA:3,RoyaltyAutoClaimHarness.exposed_getUserOpSigner
DA:37,3
DA:41,2
FN:41,RoyaltyAutoClaimHarness.setTransientSigner
FNDA:2,RoyaltyAutoClaimHarness.setTransientSigner
DA:43,2
FNF:3
FNH:3
LF:6
LH:6
BRF:0
BRH:0
end_of_record
TN:
SF:test/RoyaltyAutoClaimProxy.t.sol
DA:10,2
FN:10,MockImplementation.initialize
FNDA:2,MockImplementation.initialize
DA:11,2
DA:14,1
FN:14,MockImplementation.isInitialized
FNDA:1,MockImplementation.isInitialized
DA:15,1
FNF:2
FNH:2
LF:4
LH:4
BRF:0
BRH:0
end_of_record
